0 info it worked if it ends with ok
1 verbose cli [ '/usr/local/bin/node',
1 verbose cli   '/usr/local/bin/npm',
1 verbose cli   'install',
1 verbose cli   '--global',
1 verbose cli   'foundation-cli' ]
2 info using npm@2.15.5
3 info using node@v4.4.5
4 verbose install initial load of /usr/local/lib/package.json
5 verbose readDependencies loading dependencies from /usr/local/lib/package.json
6 silly cache add args [ 'foundation-cli', null ]
7 verbose cache add spec foundation-cli
8 silly cache add parsed spec Result {
8 silly cache add   raw: 'foundation-cli',
8 silly cache add   scope: null,
8 silly cache add   name: 'foundation-cli',
8 silly cache add   rawSpec: '',
8 silly cache add   spec: 'latest',
8 silly cache add   type: 'tag' }
9 silly addNamed foundation-cli@latest
10 verbose addNamed "latest" is being treated as a dist-tag for foundation-cli
11 info addNameTag [ 'foundation-cli', 'latest' ]
12 silly mapToRegistry name foundation-cli
13 silly mapToRegistry using default registry
14 silly mapToRegistry registry https://registry.npmjs.org/
15 silly mapToRegistry data Result {
15 silly mapToRegistry   raw: 'foundation-cli',
15 silly mapToRegistry   scope: null,
15 silly mapToRegistry   name: 'foundation-cli',
15 silly mapToRegistry   rawSpec: '',
15 silly mapToRegistry   spec: 'latest',
15 silly mapToRegistry   type: 'tag' }
16 silly mapToRegistry uri https://registry.npmjs.org/foundation-cli
17 verbose addNameTag registry:https://registry.npmjs.org/foundation-cli not in flight; fetching
18 verbose request uri https://registry.npmjs.org/foundation-cli
19 verbose request no auth needed
20 info attempt registry request try #1 at 11:31:02 AM
21 verbose request id e8485050e4cdd106
22 http request GET https://registry.npmjs.org/foundation-cli
23 http 200 https://registry.npmjs.org/foundation-cli
24 verbose headers { server: 'CouchDB/1.5.0 (Erlang OTP/R16B03)',
24 verbose headers   etag: '"8BJBPPXX8RS3NF0EPFKMD0G4Q"',
24 verbose headers   'content-type': 'application/json',
24 verbose headers   'content-encoding': 'gzip',
24 verbose headers   'cache-control': 'max-age=300',
24 verbose headers   'content-length': '4845',
24 verbose headers   'accept-ranges': 'bytes',
24 verbose headers   date: 'Wed, 27 Jul 2016 15:31:03 GMT',
24 verbose headers   via: '1.1 varnish',
24 verbose headers   age: '214',
24 verbose headers   connection: 'keep-alive',
24 verbose headers   'x-served-by': 'cache-ord1747-ORD',
24 verbose headers   'x-cache': 'HIT',
24 verbose headers   'x-cache-hits': '1',
24 verbose headers   'x-timer': 'S1469633463.368352,VS0,VE0',
24 verbose headers   vary: 'Accept-Encoding' }
25 silly get cb [ 200,
25 silly get   { server: 'CouchDB/1.5.0 (Erlang OTP/R16B03)',
25 silly get     etag: '"8BJBPPXX8RS3NF0EPFKMD0G4Q"',
25 silly get     'content-type': 'application/json',
25 silly get     'content-encoding': 'gzip',
25 silly get     'cache-control': 'max-age=300',
25 silly get     'content-length': '4845',
25 silly get     'accept-ranges': 'bytes',
25 silly get     date: 'Wed, 27 Jul 2016 15:31:03 GMT',
25 silly get     via: '1.1 varnish',
25 silly get     age: '214',
25 silly get     connection: 'keep-alive',
25 silly get     'x-served-by': 'cache-ord1747-ORD',
25 silly get     'x-cache': 'HIT',
25 silly get     'x-cache-hits': '1',
25 silly get     'x-timer': 'S1469633463.368352,VS0,VE0',
25 silly get     vary: 'Accept-Encoding' } ]
26 verbose get saving foundation-cli to /Users/Caitlin/.npm/registry.npmjs.org/foundation-cli/.cache.json
27 verbose correctMkdir /Users/Caitlin/.npm correctMkdir not in flight; initializing
28 silly addNameTag next cb for foundation-cli with tag latest
29 silly addNamed foundation-cli@2.1.0
30 verbose addNamed "2.1.0" is a plain semver version for foundation-cli
31 silly mapToRegistry name foundation-cli
32 silly mapToRegistry using default registry
33 silly mapToRegistry registry https://registry.npmjs.org/
34 silly mapToRegistry data Result {
34 silly mapToRegistry   raw: 'foundation-cli',
34 silly mapToRegistry   scope: null,
34 silly mapToRegistry   name: 'foundation-cli',
34 silly mapToRegistry   rawSpec: '',
34 silly mapToRegistry   spec: 'latest',
34 silly mapToRegistry   type: 'tag' }
35 silly mapToRegistry uri https://registry.npmjs.org/foundation-cli
36 verbose addRemoteTarball https://registry.npmjs.org/foundation-cli/-/foundation-cli-2.1.0.tgz not in flight; adding
37 verbose addRemoteTarball [ 'https://registry.npmjs.org/foundation-cli/-/foundation-cli-2.1.0.tgz',
37 verbose addRemoteTarball   '329fab63a8976c5e724cd33e63c8e88aca2c0ff4' ]
38 info retry fetch attempt 1 at 11:31:03 AM
39 info attempt registry request try #1 at 11:31:03 AM
40 http fetch GET https://registry.npmjs.org/foundation-cli/-/foundation-cli-2.1.0.tgz
41 http fetch 200 https://registry.npmjs.org/foundation-cli/-/foundation-cli-2.1.0.tgz
42 silly fetchAndShaCheck shasum 329fab63a8976c5e724cd33e63c8e88aca2c0ff4
43 verbose addTmpTarball /var/folders/wj/8gvcgqw938s8y48phn3s7f2w0000gn/T/npm-11773-b533614f/registry.npmjs.org/foundation-cli/-/foundation-cli-2.1.0.tgz not in flight; adding
44 verbose addTmpTarball already have metadata; skipping unpack for foundation-cli@2.1.0
45 verbose correctMkdir /Users/Caitlin/.npm correctMkdir not in flight; initializing
46 silly cache afterAdd foundation-cli@2.1.0
47 verbose afterAdd /Users/Caitlin/.npm/foundation-cli/2.1.0/package/package.json not in flight; writing
48 verbose correctMkdir /Users/Caitlin/.npm correctMkdir not in flight; initializing
49 verbose afterAdd /Users/Caitlin/.npm/foundation-cli/2.1.0/package/package.json written
50 silly install resolved [ { name: 'foundation-cli',
50 silly install resolved     version: '2.1.0',
50 silly install resolved     description: 'Command-line interface for the Foundation family of frameworks.',
50 silly install resolved     keywords: [ 'foundation', 'cli', 'scaffold' ],
50 silly install resolved     author:
50 silly install resolved      { name: 'ZURB',
50 silly install resolved        email: 'foundation@zurb.com',
50 silly install resolved        url: 'http://zurb.com' },
50 silly install resolved     main: 'lib/index.js',
50 silly install resolved     bin: { foundation: './bin/foundation.js' },
50 silly install resolved     dependencies:
50 silly install resolved      { async: '^0.9.0',
50 silly install resolved        bower: '^1.6.8',
50 silly install resolved        colors: '^1.0.3',
50 silly install resolved        inquirer: '^0.8.3',
50 silly install resolved        'is-root': '^1.0.0',
50 silly install resolved        multiline: '^1.0.2',
50 silly install resolved        nopt: '^3.0.1',
50 silly install resolved        npm: '^2.1.12',
50 silly install resolved        'paint-by-number': '1.0.0',
50 silly install resolved        rimraf: '^2.2.8',
50 silly install resolved        semver: '^4.3.0',
50 silly install resolved        'string-length': '^1.0.0',
50 silly install resolved        'update-notifier': '^0.2.2',
50 silly install resolved        which: '^1.0.8' },
50 silly install resolved     homepage: 'http://foundation.zurb.com',
50 silly install resolved     repository:
50 silly install resolved      { type: 'git',
50 silly install resolved        url: 'git+https://github.com/zurb/foundation-cli.git' },
50 silly install resolved     bugs: { url: 'https://github.com/zurb/foundation-cli/issues' },
50 silly install resolved     scripts: { test: 'node bin/foundation.js new' },
50 silly install resolved     preferGlobal: true,
50 silly install resolved     engines: { node: '>=0.10.33' },
50 silly install resolved     license: 'MIT',
50 silly install resolved     gitHead: '95dae39260a07bac58c322c5734d65f702aefa3b',
50 silly install resolved     _id: 'foundation-cli@2.1.0',
50 silly install resolved     _shasum: '329fab63a8976c5e724cd33e63c8e88aca2c0ff4',
50 silly install resolved     _from: 'foundation-cli@latest',
50 silly install resolved     _npmVersion: '3.3.12',
50 silly install resolved     _nodeVersion: '5.3.0',
50 silly install resolved     _npmUser: { name: 'gakimball', email: 'geoff@zurb.com' },
50 silly install resolved     dist:
50 silly install resolved      { shasum: '329fab63a8976c5e724cd33e63c8e88aca2c0ff4',
50 silly install resolved        tarball: 'https://registry.npmjs.org/foundation-cli/-/foundation-cli-2.1.0.tgz' },
50 silly install resolved     maintainers: [ [Object], [Object], [Object] ],
50 silly install resolved     _npmOperationalInternal:
50 silly install resolved      { host: 'packages-5-east.internal.npmjs.com',
50 silly install resolved        tmp: 'tmp/foundation-cli-2.1.0.tgz_1455747271891_0.18230518093332648' },
50 silly install resolved     directories: {},
50 silly install resolved     _resolved: 'https://registry.npmjs.org/foundation-cli/-/foundation-cli-2.1.0.tgz' } ]
51 info install foundation-cli@2.1.0 into /usr/local/lib
52 info installOne foundation-cli@2.1.0
53 verbose installOne of foundation-cli to /usr/local/lib not in flight; installing
54 verbose correctMkdir /Users/Caitlin/.npm/_locks correctMkdir not in flight; initializing
55 verbose lock using /Users/Caitlin/.npm/_locks/foundation-cli-51ebe40b25d22b9e.lock for /usr/local/lib/node_modules/foundation-cli
56 silly install write writing foundation-cli 2.1.0 to /usr/local/lib/node_modules/foundation-cli
57 verbose unbuild lib/node_modules/foundation-cli
58 silly gentlyRm /usr/local/lib/node_modules/foundation-cli is being purged from base /usr/local
59 verbose gentlyRm don't care about contents; nuking /usr/local/lib/node_modules/foundation-cli
60 verbose tar unpack /Users/Caitlin/.npm/foundation-cli/2.1.0/package.tgz
61 verbose tar unpacking to /usr/local/lib/node_modules/foundation-cli
62 silly gentlyRm /usr/local/lib/node_modules/foundation-cli is being purged
63 verbose gentlyRm don't care about contents; nuking /usr/local/lib/node_modules/foundation-cli
64 silly gunzTarPerm modes [ '755', '644' ]
65 error tar.unpack untar error /Users/Caitlin/.npm/foundation-cli/2.1.0/package.tgz
66 verbose unlock done using /Users/Caitlin/.npm/_locks/foundation-cli-51ebe40b25d22b9e.lock for /usr/local/lib/node_modules/foundation-cli
67 verbose fstream_path /usr/local/lib/node_modules/foundation-cli
68 verbose fstream_type Directory
69 verbose fstream_class DirWriter
70 verbose stack Error: EACCES: permission denied, mkdir '/usr/local/lib/node_modules/foundation-cli'
70 verbose stack     at Error (native)
71 verbose fstream_stack /usr/local/lib/node_modules/npm/node_modules/fstream/lib/dir-writer.js:35:25
71 verbose fstream_stack /usr/local/lib/node_modules/npm/node_modules/mkdirp/index.js:47:53
71 verbose fstream_stack FSReqWrap.oncomplete (fs.js:82:15)
72 verbose cwd /Users/Caitlin/Documents/SITES/Oak Template/styles
73 error Darwin 15.6.0
74 error argv "/usr/local/bin/node" "/usr/local/bin/npm" "install" "--global" "foundation-cli"
75 error node v4.4.5
76 error npm  v2.15.5
77 error path /usr/local/lib/node_modules/foundation-cli
78 error code EACCES
79 error errno -13
80 error syscall mkdir
81 error Error: EACCES: permission denied, mkdir '/usr/local/lib/node_modules/foundation-cli'
81 error     at Error (native)
81 error  { [Error: EACCES: permission denied, mkdir '/usr/local/lib/node_modules/foundation-cli']
81 error   errno: -13,
81 error   code: 'EACCES',
81 error   syscall: 'mkdir',
81 error   path: '/usr/local/lib/node_modules/foundation-cli',
81 error   fstream_type: 'Directory',
81 error   fstream_path: '/usr/local/lib/node_modules/foundation-cli',
81 error   fstream_class: 'DirWriter',
81 error   fstream_stack:
81 error    [ '/usr/local/lib/node_modules/npm/node_modules/fstream/lib/dir-writer.js:35:25',
81 error      '/usr/local/lib/node_modules/npm/node_modules/mkdirp/index.js:47:53',
81 error      'FSReqWrap.oncomplete (fs.js:82:15)' ] }
82 error Please try running this command again as root/Administrator.
83 verbose exit [ -13, true ]
84 verbose unbuild lib/node_modules/foundation-cli
85 silly gentlyRm /usr/local/lib/node_modules/foundation-cli is being purged from base /usr/local
86 verbose gentlyRm don't care about contents; nuking /usr/local/lib/node_modules/foundation-cli
